生成启动时间为 2014-4-10 13:45:00。
     1>项目“D:\g5602\oristar_sms_server\oristar_sms_server\oristar_sms_server.vcxproj”在节点 2 上(build 个目标)。
     1>InitializeBuildStatus:
         正在创建“Debug\oristar_sms_server.unsuccessfulbuild”，因为已指定“AlwaysCreate”。
       ClCompile:
         D:\tools\Microsoft Visual Studio 10.0\VC\bin\CL.exe /c /I..\MXFParserModule\include /I..\Mvc201SDK_11_2_1\include /ZI /nologo /W3 /WX- /Od /Oy- /D WIN32 /D _DEBUG /D _CONSOLE /D _UNICODE /D UNICODE /Gm /EHsc /RTC1 /MDd /GS /fp:precise /Zc:wchar_t /Zc:forScope /Fo"Debug\\" /Fd"Debug\vc100.pdb" /Gd /TP /analyze- /errorReport:prompt main.cpp
         main.cpp
     1>d:\g5602\oristar_sms_server\mvc201sdk_11_2_1\include\mm_rc.h(575): warning C4819: 该文件包含不能在当前代码页(936)中表示的字符。请将该文件保存为 Unicode 格式以防止数据丢失
     1>d:\g5602\oristar_sms_server\mvc201sdk_11_2_1\include\mvc2api_overlay.h : warning C4819: 该文件包含不能在当前代码页(936)中表示的字符。请将该文件保存为 Unicode 格式以防止数据丢失
     1>d:\g5602\oristar_sms_server\oristar_sms_server\main.cpp(967): warning C4018: “<”: 有符号/无符号不匹配
       ManifestResourceCompile:
         C:\Program Files\Microsoft SDKs\Windows\v7.0A\bin\rc.exe /nologo /fo"Debug\oristar_sms_server.exe.embed.manifest.res" Debug\oristar_sms_server_manifest.rc 
       Link:
         D:\tools\Microsoft Visual Studio 10.0\VC\bin\link.exe /ERRORREPORT:PROMPT /OUT:"D:\g5602\oristar_sms_server\Debug\oristar_sms_server.exe" /INCREMENTAL /NOLOGO /LIBPATH:..\MXFParserModule\lib /LIBPATH:..\Mvc201SDK_11_2_1\lib dcptest_1.12.58.lib mvc2api.lib kernel32.lib user32.lib gdi32.lib winspool.lib comdlg32.lib advapi32.lib shell32.lib ole32.lib oleaut32.lib uuid.lib odbc32.lib odbccp32.lib kernel32.lib user32.lib gdi32.lib winspool.lib comdlg32.lib advapi32.lib shell32.lib ole32.lib oleaut32.lib uuid.lib odbc32.lib odbccp32.lib /MANIFEST /ManifestFile:"Debug\oristar_sms_server.exe.intermediate.manifest" /MANIFESTUAC:"level='asInvoker' uiAccess='false'" /DEBUG /PDB:"D:\g5602\oristar_sms_server\Debug\oristar_sms_server.pdb" /SUBSYSTEM:CONSOLE /TLBID:1 /DYNAMICBASE /NXCOMPAT /IMPLIB:"D:\g5602\oristar_sms_server\Debug\oristar_sms_server.lib" /MACHINE:X86 Debug\oristar_sms_server.exe.embed.manifest.res
         Debug\main.obj
       Manifest:
         C:\Program Files\Microsoft SDKs\Windows\v7.0A\bin\mt.exe /nologo /verbose /out:"Debug\oristar_sms_server.exe.embed.manifest" /manifest Debug\oristar_sms_server.exe.intermediate.manifest
         C:\Program Files\Microsoft SDKs\Windows\v7.0A\bin\rc.exe /nologo /fo"Debug\oristar_sms_server.exe.embed.manifest.res" Debug\oristar_sms_server_manifest.rc 
       LinkEmbedManifest:
         D:\tools\Microsoft Visual Studio 10.0\VC\bin\link.exe /ERRORREPORT:PROMPT /OUT:"D:\g5602\oristar_sms_server\Debug\oristar_sms_server.exe" /INCREMENTAL /NOLOGO /LIBPATH:..\MXFParserModule\lib /LIBPATH:..\Mvc201SDK_11_2_1\lib dcptest_1.12.58.lib mvc2api.lib kernel32.lib user32.lib gdi32.lib winspool.lib comdlg32.lib advapi32.lib shell32.lib ole32.lib oleaut32.lib uuid.lib odbc32.lib odbccp32.lib kernel32.lib user32.lib gdi32.lib winspool.lib comdlg32.lib advapi32.lib shell32.lib ole32.lib oleaut32.lib uuid.lib odbc32.lib odbccp32.lib /MANIFEST /ManifestFile:"Debug\oristar_sms_server.exe.intermediate.manifest" /MANIFESTUAC:"level='asInvoker' uiAccess='false'" /DEBUG /PDB:"D:\g5602\oristar_sms_server\Debug\oristar_sms_server.pdb" /SUBSYSTEM:CONSOLE /TLBID:1 /DYNAMICBASE /NXCOMPAT /IMPLIB:"D:\g5602\oristar_sms_server\Debug\oristar_sms_server.lib" /MACHINE:X86 Debug\oristar_sms_server.exe.embed.manifest.res
         Debug\main.obj
         oristar_sms_server.vcxproj -> D:\g5602\oristar_sms_server\Debug\oristar_sms_server.exe
       FinalizeBuildStatus:
         正在删除文件“Debug\oristar_sms_server.unsuccessfulbuild”。
         正在对“Debug\oristar_sms_server.lastbuildstate”执行 Touch 任务。
     1>已完成生成项目“D:\g5602\oristar_sms_server\oristar_sms_server\oristar_sms_server.vcxproj”(build 个目标)的操作。

生成成功。

已用时间 00:00:01.68
